2022-10-23 11:00:52,530 -AutoClicker User has force hovered over (0,0). Stopping script
2022-10-23 11:04:07,418 -AutoClicker User has force hovered over (0,0). Stopping script
2022-10-23 11:07:10,891 -AutoClicker User has force hovered over (0,0). Stopping script
2022-10-23 12:18:24,789  AUTOCLICKER  INFO  Saved pdf file: Elementary Differential Equations - 9780132397308 - Exercise 1 _ Quizlet.pdf
2022-10-23 12:18:30,242  AUTOCLICKER  DEBUG  [SUCCESSFUL] Next Webpage loading...
2022-10-23 12:18:33,479  AUTOCLICKER  INFO  Saved pdf file: Solved_ Chapter 1, Exercise 2 - Elementary Differential Equations 6th Edition _ Quizlet.pdf
2022-10-23 12:18:38,945  AUTOCLICKER  DEBUG  [SUCCESSFUL] Next Webpage loading...
2022-10-23 12:18:42,179  AUTOCLICKER  INFO  Saved pdf file: Solved_ Chapter 1, Exercise 3 - Elementary Differential Equations 6th Edition _ Quizlet.pdf
2022-10-23 12:18:47,638  AUTOCLICKER  DEBUG  [SUCCESSFUL] Next Webpage loading...
2022-10-23 12:18:50,872  AUTOCLICKER  INFO  Saved pdf file: Solved_ Chapter 1, Exercise 3 - Elementary Differential Equations 6th Edition _ Quizlet.pdf
2022-10-23 12:18:56,327  AUTOCLICKER  DEBUG  [SUCCESSFUL] Next Webpage loading...
2022-10-23 12:18:59,571  AUTOCLICKER  INFO  Saved pdf file: Solved_ Chapter 1, Exercise 3 - Elementary Differential Equations 6th Edition _ Quizlet.pdf
2022-10-23 12:19:05,031  AUTOCLICKER  DEBUG  [SUCCESSFUL] Next Webpage loading...
2022-10-23 12:19:06,029  AUTOCLICKER  WARNING  User has force hovered over (0,0). Stopping script
2022-10-23 12:19:55,653  AUTOCLICKER  INFO  Saved pdf file: Elementary Differential Equations - 9780132397308 - Exercise 4 _ Quizlet.pdf
2022-10-23 12:20:01,122  AUTOCLICKER  DEBUG  [SUCCESSFUL] Next Webpage loading...
2022-10-23 12:20:04,356  AUTOCLICKER  INFO  Saved pdf file: Elementary Differential Equations - 9780132397308 - Exercise 5 _ Quizlet.pdf
2022-10-23 12:20:09,816  AUTOCLICKER  DEBUG  [SUCCESSFUL] Next Webpage loading...
2022-10-23 12:20:13,055  AUTOCLICKER  INFO  Saved pdf file: Elementary Differential Equations - 9780132397308 - Exercise 6 _ Quizlet.pdf
2022-10-23 12:20:18,515  AUTOCLICKER  DEBUG  [SUCCESSFUL] Next Webpage loading...
2022-10-23 12:20:21,772  AUTOCLICKER  INFO  Saved pdf file: Elementary Differential Equations - 9780132397308 - Exercise 7 _ Quizlet.pdf
2022-10-23 12:20:27,241  AUTOCLICKER  DEBUG  [SUCCESSFUL] Next Webpage loading...
2022-10-23 12:20:30,485  AUTOCLICKER  INFO  Saved pdf file: Solved_ Chapter 1, Exercise 8 - Elementary Differential Equations 6th Edition _ Quizlet.pdf
2022-10-23 12:20:35,948  AUTOCLICKER  DEBUG  [SUCCESSFUL] Next Webpage loading...
2022-10-23 12:20:39,198  AUTOCLICKER  INFO  Saved pdf file: Solved_ Chapter 1, Exercise 9 - Elementary Differential Equations 6th Edition _ Quizlet.pdf
2022-10-23 12:20:44,661  AUTOCLICKER  DEBUG  [SUCCESSFUL] Next Webpage loading...
2022-10-23 12:20:47,920  AUTOCLICKER  INFO  Saved pdf file: Solved_ Chapter 1, Exercise 10 - Elementary Differential Equations 6th Edition _ Quizlet.pdf
2022-10-23 12:20:53,376  AUTOCLICKER  DEBUG  [SUCCESSFUL] Next Webpage loading...
2022-10-23 12:20:56,611  AUTOCLICKER  INFO  Saved pdf file: Solved_ Chapter 1, Exercise 10 - Elementary Differential Equations 6th Edition _ Quizlet.pdf
2022-10-23 12:21:02,076  AUTOCLICKER  DEBUG  [SUCCESSFUL] Next Webpage loading...
2022-10-23 12:21:05,331  AUTOCLICKER  INFO  Saved pdf file: Solved_ Chapter 1, Exercise 10 - Elementary Differential Equations 6th Edition _ Quizlet.pdf
2022-10-23 12:21:10,792  AUTOCLICKER  DEBUG  [SUCCESSFUL] Next Webpage loading...
2022-10-23 12:21:14,036  AUTOCLICKER  INFO  Saved pdf file: [Window Title]
Confirm Save As

[Content]
Solved_ Chapter 1, Exercise 10 - Elementary Differential Equations 6th Edition _ Quizlet.pdf already exists.
Do you want to replace it?

[Yes] [No]
2022-10-23 12:21:19,531  AUTOCLICKER  DEBUG  [SUCCESSFUL] Next Webpage loading...
2022-10-23 12:21:22,757  AUTOCLICKER  INFO  Saved pdf file: Solved_ Chapter 1, Exercise 10 - Elementary Differential Equations 6th Edition _ Quizlet.pdf
2022-10-23 12:21:28,220  AUTOCLICKER  DEBUG  [SUCCESSFUL] Next Webpage loading...
2022-10-23 12:21:31,456  AUTOCLICKER  INFO  Saved pdf file: Solved_ Chapter 1, Exercise 10 - Elementary Differential Equations 6th Edition _ Quizlet.pdf
2022-10-23 12:21:36,916  AUTOCLICKER  DEBUG  [SUCCESSFUL] Next Webpage loading...
2022-10-23 12:21:40,177  AUTOCLICKER  INFO  Saved pdf file: Solved_ Chapter 1, Exercise 10 - Elementary Differential Equations 6th Edition _ Quizlet.pdf
2022-10-23 12:21:45,652  AUTOCLICKER  DEBUG  [SUCCESSFUL] Next Webpage loading...
2022-10-23 12:21:48,674  AUTOCLICKER  WARNING  User has force hovered over (0,0). Stopping script
2022-10-23 12:22:37,788  AUTOCLICKER  INFO  Saved pdf file: Solved_ Chapter 1, Exercise 11 - Elementary Differential Equations 6th Edition _ Quizlet.pdf
2022-10-23 12:22:43,243  AUTOCLICKER  DEBUG  [SUCCESSFUL] Next Webpage loading...
2022-10-23 12:22:46,511  AUTOCLICKER  INFO  Saved pdf file: Solved_ Chapter 1, Exercise 12 - Elementary Differential Equations 6th Edition _ Quizlet.pdf
2022-10-23 12:22:51,985  AUTOCLICKER  DEBUG  [SUCCESSFUL] Next Webpage loading...
2022-10-23 12:22:55,224  AUTOCLICKER  INFO  Saved pdf file: Elementary Differential Equations - 9780132397308 - Exercise 13 _ Quizlet.pdf
2022-10-23 12:23:00,689  AUTOCLICKER  DEBUG  [SUCCESSFUL] Next Webpage loading...
2022-10-23 12:23:03,933  AUTOCLICKER  INFO  Saved pdf file: Solved_ Chapter 1, Exercise 14 - Elementary Differential Equations 6th Edition _ Quizlet.pdf
2022-10-23 12:23:09,392  AUTOCLICKER  DEBUG  [SUCCESSFUL] Next Webpage loading...
2022-10-23 12:23:12,630  AUTOCLICKER  INFO  Saved pdf file: Elementary Differential Equations - 9780132397308 - Exercise 15 _ Quizlet.pdf
2022-10-23 12:23:18,093  AUTOCLICKER  DEBUG  [SUCCESSFUL] Next Webpage loading...
2022-10-23 12:23:21,331  AUTOCLICKER  INFO  Saved pdf file: Solved_ Chapter 1, Exercise 16 - Elementary Differential Equations 6th Edition _ Quizlet.pdf
2022-10-23 12:23:26,790  AUTOCLICKER  DEBUG  [SUCCESSFUL] Next Webpage loading...
2022-10-23 12:23:30,027  AUTOCLICKER  INFO  Saved pdf file: Elementary Differential Equations - 9780132397308 - Exercise 17 _ Quizlet.pdf
2022-10-23 12:23:35,515  AUTOCLICKER  DEBUG  [SUCCESSFUL] Next Webpage loading...
2022-10-23 12:23:38,741  AUTOCLICKER  INFO  Saved pdf file: Solved_ Chapter 1, Exercise 18 - Elementary Differential Equations 6th Edition _ Quizlet.pdf
2022-10-23 12:23:44,193  AUTOCLICKER  DEBUG  [SUCCESSFUL] Next Webpage loading...
2022-10-23 12:23:47,441  AUTOCLICKER  INFO  Saved pdf file: Solved_ Chapter 1, Exercise 19 - Elementary Differential Equations 6th Edition _ Quizlet.pdf
2022-10-23 12:23:52,914  AUTOCLICKER  DEBUG  [SUCCESSFUL] Next Webpage loading...
2022-10-23 12:23:56,142  AUTOCLICKER  INFO  Saved pdf file: Elementary Differential Equations - 9780132397308 - Exercise 20 _ Quizlet.pdf
2022-10-23 12:24:01,613  AUTOCLICKER  DEBUG  [SUCCESSFUL] Next Webpage loading...
2022-10-23 12:24:04,848  AUTOCLICKER  INFO  Saved pdf file: Elementary Differential Equations - 9780132397308 - Exercise 21 _ Quizlet.pdf
2022-10-23 12:24:10,315  AUTOCLICKER  DEBUG  [SUCCESSFUL] Next Webpage loading...
2022-10-23 12:24:13,552  AUTOCLICKER  INFO  Saved pdf file: Solved_ Chapter 1, Exercise 22 - Elementary Differential Equations 6th Edition _ Quizlet.pdf
2022-10-23 12:24:19,008  AUTOCLICKER  DEBUG  [SUCCESSFUL] Next Webpage loading...
2022-10-23 12:24:22,266  AUTOCLICKER  INFO  Saved pdf file: Elementary Differential Equations - 9780132397308 - Exercise 23 _ Quizlet.pdf
2022-10-23 12:24:27,725  AUTOCLICKER  DEBUG  [SUCCESSFUL] Next Webpage loading...
2022-10-23 12:24:30,957  AUTOCLICKER  INFO  Saved pdf file: Elementary Differential Equations - 9780132397308 - Exercise 23 _ Quizlet.pdf
2022-10-23 12:24:36,425  AUTOCLICKER  DEBUG  [SUCCESSFUL] Next Webpage loading...
2022-10-23 12:24:39,684  AUTOCLICKER  INFO  Saved pdf file: Elementary Differential Equations - 9780132397308 - Exercise 23 _ Quizlet.pdf
2022-10-23 12:24:45,161  AUTOCLICKER  DEBUG  [SUCCESSFUL] Next Webpage loading...
2022-10-23 12:24:48,413  AUTOCLICKER  INFO  Saved pdf file: Elementary Differential Equations - 9780132397308 - Exercise 23 _ Quizlet.pdf
2022-10-23 12:24:53,876  AUTOCLICKER  DEBUG  [SUCCESSFUL] Next Webpage loading...
2022-10-23 12:24:57,115  AUTOCLICKER  INFO  Saved pdf file: Elementary Differential Equations - 9780132397308 - Exercise 24 _ Quizlet.pdf
2022-10-23 12:25:02,582  AUTOCLICKER  DEBUG  [SUCCESSFUL] Next Webpage loading...
2022-10-23 12:25:05,834  AUTOCLICKER  INFO  Saved pdf file: Solved_ Chapter 1, Exercise 25 - Elementary Differential Equations 6th Edition _ Quizlet.pdf
2022-10-23 12:25:11,298  AUTOCLICKER  DEBUG  [SUCCESSFUL] Next Webpage loading...
2022-10-23 12:25:14,546  AUTOCLICKER  INFO  Saved pdf file: Elementary Differential Equations - 9780132397308 - Exercise 26 _ Quizlet.pdf
2022-10-23 12:25:19,999  AUTOCLICKER  DEBUG  [SUCCESSFUL] Next Webpage loading...
2022-10-23 12:25:23,219  AUTOCLICKER  INFO  Saved pdf file: Elementary Differential Equations - 9780132397308 - Exercise 27 _ Quizlet.pdf
2022-10-23 12:25:28,719  AUTOCLICKER  DEBUG  [SUCCESSFUL] Next Webpage loading...
2022-10-23 12:25:31,992  AUTOCLICKER  INFO  Saved pdf file: Elementary Differential Equations - 9780132397308 - Exercise 28 _ Quizlet.pdf
2022-10-23 12:25:37,456  AUTOCLICKER  DEBUG  [SUCCESSFUL] Next Webpage loading...
2022-10-23 12:25:40,702  AUTOCLICKER  INFO  Saved pdf file: Solved_ Chapter 1, Exercise 29 - Elementary Differential Equations 6th Edition _ Quizlet.pdf
2022-10-23 12:25:46,185  AUTOCLICKER  DEBUG  [SUCCESSFUL] Next Webpage loading...
2022-10-23 12:25:49,450  AUTOCLICKER  INFO  Saved pdf file: Solved_ Chapter 1, Exercise 30 - Elementary Differential Equations 6th Edition _ Quizlet.pdf
2022-10-23 12:25:54,905  AUTOCLICKER  DEBUG  [SUCCESSFUL] Next Webpage loading...
2022-10-23 12:25:58,145  AUTOCLICKER  INFO  Saved pdf file: Elementary Differential Equations - 9780132397308 - Exercise 1 _ Quizlet.pdf
2022-10-23 12:26:03,603  AUTOCLICKER  DEBUG  [SUCCESSFUL] Next Webpage loading...
2022-10-23 12:26:05,240  AUTOCLICKER  WARNING  User has force hovered over (0,0). Stopping script
